<?xml version="1.0" encoding="UTF-8"?>
<testsuites name="jest tests" tests="3" failures="0" errors="0" time="66.652">
  <testsuite name="Product API" errors="0" failures="0" skipped="0" timestamp="2025-02-25T20:28:12" time="66.557" tests="3">
    <testcase classname="Product API POST /api/products should create a new product" name="Product API POST /api/products should create a new product" time="0.125">
    </testcase>
    <testcase classname="Product API GET /api/products should return all products" name="Product API GET /api/products should return all products" time="0.051">
    </testcase>
    <testcase classname="Product API GET /api/products/:id should return a product by id" name="Product API GET /api/products/:id should return a product by id" time="0.048">
    </testcase>
  </testsuite>
</testsuites>